events.js:377
      throw er; // Unhandled 'error' event
      ^

Error: listen EADDRINUSE: address already in use :::9000
    at Server.setupListenHandle [as _listen2] (net.js:1320:16)
    at listenInCluster (net.js:1368:12)
    at Server.listen (net.js:1454:7)
    at Function.listen (C:\Users\Philip\source\repos\LotusNodeBackend\node_modules\express\lib\application.js:618:24)
    at file:///C:/Users/Philip/source/repos/LotusNodeBackend/index.js:79:5
    at ModuleJob.run (internal/modules/esm/module_job.js:170:25)
    at async Loader.import (internal/modules/esm/loader.js:178:24)
    at async Object.loadESM (internal/process/esm_loader.js:68:5)
Emitted 'error' event on Server instance at:
    at emitErrorNT (net.js:1347:8)
    at processTicksAndRejections (internal/process/task_queues.js:82:21) {
  code: 'EADDRINUSE',
  errno: -4091,
  syscall: 'listen',
  address: '::',
  port: 9000
}
events.js:377
      throw er; // Unhandled 'error' event
      ^

Error: listen EADDRINUSE: address already in use :::9000
    at Server.setupListenHandle [as _listen2] (net.js:1320:16)
    at listenInCluster (net.js:1368:12)
    at Server.listen (net.js:1454:7)
    at Function.listen (C:\Users\Philip\source\repos\LotusNodeBackend\node_modules\express\lib\application.js:618:24)
    at file:///C:/Users/Philip/source/repos/LotusNodeBackend/index.js:79:5
    at ModuleJob.run (internal/modules/esm/module_job.js:170:25)
    at async Loader.import (internal/modules/esm/loader.js:178:24)
    at async Object.loadESM (internal/process/esm_loader.js:68:5)
Emitted 'error' event on Server instance at:
    at emitErrorNT (net.js:1347:8)
    at processTicksAndRejections (internal/process/task_queues.js:82:21) {
  code: 'EADDRINUSE',
  errno: -4091,
  syscall: 'listen',
  address: '::',
  port: 9000
}
events.js:377
      throw er; // Unhandled 'error' event
      ^

Error: listen EADDRINUSE: address already in use :::9000
    at Server.setupListenHandle [as _listen2] (net.js:1320:16)
    at listenInCluster (net.js:1368:12)
    at Server.listen (net.js:1454:7)
    at Function.listen (C:\Users\Philip\source\repos\LotusNodeBackend\node_modules\express\lib\application.js:618:24)
    at file:///C:/Users/Philip/source/repos/LotusNodeBackend/index.js:79:5
    at ModuleJob.run (internal/modules/esm/module_job.js:170:25)
    at async Loader.import (internal/modules/esm/loader.js:178:24)
    at async Object.loadESM (internal/process/esm_loader.js:68:5)
Emitted 'error' event on Server instance at:
    at emitErrorNT (net.js:1347:8)
    at processTicksAndRejections (internal/process/task_queues.js:82:21) {
  code: 'EADDRINUSE',
  errno: -4091,
  syscall: 'listen',
  address: '::',
  port: 9000
}
events.js:377
      throw er; // Unhandled 'error' event
      ^

Error: listen EADDRINUSE: address already in use :::9000
    at Server.setupListenHandle [as _listen2] (net.js:1320:16)
    at listenInCluster (net.js:1368:12)
    at Server.listen (net.js:1454:7)
    at Function.listen (C:\Users\Philip\source\repos\LotusNodeBackend\node_modules\express\lib\application.js:618:24)
    at file:///C:/Users/Philip/source/repos/LotusNodeBackend/index.js:79:5
    at ModuleJob.run (internal/modules/esm/module_job.js:170:25)
    at async Loader.import (internal/modules/esm/loader.js:178:24)
    at async Object.loadESM (internal/process/esm_loader.js:68:5)
Emitted 'error' event on Server instance at:
    at emitErrorNT (net.js:1347:8)
    at processTicksAndRejections (internal/process/task_queues.js:82:21) {
  code: 'EADDRINUSE',
  errno: -4091,
  syscall: 'listen',
  address: '::',
  port: 9000
}
events.js:377
      throw er; // Unhandled 'error' event
      ^

Error: listen EADDRINUSE: address already in use :::9000
    at Server.setupListenHandle [as _listen2] (net.js:1320:16)
    at listenInCluster (net.js:1368:12)
    at Server.listen (net.js:1454:7)
    at Function.listen (C:\Users\Philip\source\repos\LotusNodeBackend\node_modules\express\lib\application.js:618:24)
    at file:///C:/Users/Philip/source/repos/LotusNodeBackend/index.js:79:5
    at ModuleJob.run (internal/modules/esm/module_job.js:170:25)
    at async Loader.import (internal/modules/esm/loader.js:178:24)
    at async Object.loadESM (internal/process/esm_loader.js:68:5)
Emitted 'error' event on Server instance at:
    at emitErrorNT (net.js:1347:8)
    at processTicksAndRejections (internal/process/task_queues.js:82:21) {
  code: 'EADDRINUSE',
  errno: -4091,
  syscall: 'listen',
  address: '::',
  port: 9000
}
events.js:377
      throw er; // Unhandled 'error' event
      ^

Error: listen EADDRINUSE: address already in use :::9000
    at Server.setupListenHandle [as _listen2] (net.js:1320:16)
    at listenInCluster (net.js:1368:12)
    at Server.listen (net.js:1454:7)
    at Function.listen (C:\Users\Philip\source\repos\LotusNodeBackend\node_modules\express\lib\application.js:618:24)
    at file:///C:/Users/Philip/source/repos/LotusNodeBackend/index.js:79:5
    at ModuleJob.run (internal/modules/esm/module_job.js:170:25)
    at async Loader.import (internal/modules/esm/loader.js:178:24)
    at async Object.loadESM (internal/process/esm_loader.js:68:5)
Emitted 'error' event on Server instance at:
    at emitErrorNT (net.js:1347:8)
    at processTicksAndRejections (internal/process/task_queues.js:82:21) {
  code: 'EADDRINUSE',
  errno: -4091,
  syscall: 'listen',
  address: '::',
  port: 9000
}
events.js:377
      throw er; // Unhandled 'error' event
      ^

Error: listen EADDRINUSE: address already in use :::9000
    at Server.setupListenHandle [as _listen2] (net.js:1320:16)
    at listenInCluster (net.js:1368:12)
    at Server.listen (net.js:1454:7)
    at Function.listen (C:\Users\Philip\source\repos\LotusNodeBackend\node_modules\express\lib\application.js:618:24)
    at file:///C:/Users/Philip/source/repos/LotusNodeBackend/index.js:79:5
    at ModuleJob.run (internal/modules/esm/module_job.js:170:25)
    at async Loader.import (internal/modules/esm/loader.js:178:24)
    at async Object.loadESM (internal/process/esm_loader.js:68:5)
Emitted 'error' event on Server instance at:
    at emitErrorNT (net.js:1347:8)
    at processTicksAndRejections (internal/process/task_queues.js:82:21) {
  code: 'EADDRINUSE',
  errno: -4091,
  syscall: 'listen',
  address: '::',
  port: 9000
}
events.js:377
      throw er; // Unhandled 'error' event
      ^

Error: listen EADDRINUSE: address already in use :::9000
    at Server.setupListenHandle [as _listen2] (net.js:1320:16)
    at listenInCluster (net.js:1368:12)
    at Server.listen (net.js:1454:7)
    at Function.listen (C:\Users\Philip\source\repos\LotusNodeBackend\node_modules\express\lib\application.js:618:24)
    at file:///C:/Users/Philip/source/repos/LotusNodeBackend/index.js:79:5
    at ModuleJob.run (internal/modules/esm/module_job.js:170:25)
    at async Loader.import (internal/modules/esm/loader.js:178:24)
    at async Object.loadESM (internal/process/esm_loader.js:68:5)
Emitted 'error' event on Server instance at:
    at emitErrorNT (net.js:1347:8)
    at processTicksAndRejections (internal/process/task_queues.js:82:21) {
  code: 'EADDRINUSE',
  errno: -4091,
  syscall: 'listen',
  address: '::',
  port: 9000
}
events.js:377
      throw er; // Unhandled 'error' event
      ^

Error: listen EADDRINUSE: address already in use :::9000
    at Server.setupListenHandle [as _listen2] (net.js:1320:16)
    at listenInCluster (net.js:1368:12)
    at Server.listen (net.js:1454:7)
    at Function.listen (C:\Users\Philip\source\repos\LotusNodeBackend\node_modules\express\lib\application.js:618:24)
    at file:///C:/Users/Philip/source/repos/LotusNodeBackend/index.js:79:5
    at ModuleJob.run (internal/modules/esm/module_job.js:170:25)
    at async Loader.import (internal/modules/esm/loader.js:178:24)
    at async Object.loadESM (internal/process/esm_loader.js:68:5)
Emitted 'error' event on Server instance at:
    at emitErrorNT (net.js:1347:8)
    at processTicksAndRejections (internal/process/task_queues.js:82:21) {
  code: 'EADDRINUSE',
  errno: -4091,
  syscall: 'listen',
  address: '::',
  port: 9000
}
events.js:377
      throw er; // Unhandled 'error' event
      ^

Error: listen EADDRINUSE: address already in use :::9000
    at Server.setupListenHandle [as _listen2] (net.js:1320:16)
    at listenInCluster (net.js:1368:12)
    at Server.listen (net.js:1454:7)
    at Function.listen (C:\Users\Philip\source\repos\LotusNodeBackend\node_modules\express\lib\application.js:618:24)
    at file:///C:/Users/Philip/source/repos/LotusNodeBackend/index.js:79:5
    at ModuleJob.run (internal/modules/esm/module_job.js:170:25)
    at async Loader.import (internal/modules/esm/loader.js:178:24)
    at async Object.loadESM (internal/process/esm_loader.js:68:5)
Emitted 'error' event on Server instance at:
    at emitErrorNT (net.js:1347:8)
    at processTicksAndRejections (internal/process/task_queues.js:82:21) {
  code: 'EADDRINUSE',
  errno: -4091,
  syscall: 'listen',
  address: '::',
  port: 9000
}
events.js:377
      throw er; // Unhandled 'error' event
      ^

Error: listen EADDRINUSE: address already in use :::9000
    at Server.setupListenHandle [as _listen2] (net.js:1320:16)
    at listenInCluster (net.js:1368:12)
    at Server.listen (net.js:1454:7)
    at Function.listen (C:\Users\Philip\source\repos\LotusNodeBackend\node_modules\express\lib\application.js:618:24)
    at file:///C:/Users/Philip/source/repos/LotusNodeBackend/index.js:79:5
    at ModuleJob.run (internal/modules/esm/module_job.js:170:25)
    at async Loader.import (internal/modules/esm/loader.js:178:24)
    at async Object.loadESM (internal/process/esm_loader.js:68:5)
Emitted 'error' event on Server instance at:
    at emitErrorNT (net.js:1347:8)
    at processTicksAndRejections (internal/process/task_queues.js:82:21) {
  code: 'EADDRINUSE',
  errno: -4091,
  syscall: 'listen',
  address: '::',
  port: 9000
}
events.js:377
      throw er; // Unhandled 'error' event
      ^

Error: listen EADDRINUSE: address already in use :::9000
    at Server.setupListenHandle [as _listen2] (net.js:1320:16)
    at listenInCluster (net.js:1368:12)
    at Server.listen (net.js:1454:7)
    at Function.listen (C:\Users\Philip\source\repos\LotusNodeBackend\node_modules\express\lib\application.js:618:24)
    at file:///C:/Users/Philip/source/repos/LotusNodeBackend/index.js:79:5
    at ModuleJob.run (internal/modules/esm/module_job.js:170:25)
    at async Loader.import (internal/modules/esm/loader.js:178:24)
    at async Object.loadESM (internal/process/esm_loader.js:68:5)
Emitted 'error' event on Server instance at:
    at emitErrorNT (net.js:1347:8)
    at processTicksAndRejections (internal/process/task_queues.js:82:21) {
  code: 'EADDRINUSE',
  errno: -4091,
  syscall: 'listen',
  address: '::',
  port: 9000
}
events.js:377
      throw er; // Unhandled 'error' event
      ^

Error: listen EADDRINUSE: address already in use :::9000
    at Server.setupListenHandle [as _listen2] (net.js:1320:16)
    at listenInCluster (net.js:1368:12)
    at Server.listen (net.js:1454:7)
    at Function.listen (C:\Users\Philip\source\repos\LotusNodeBackend\node_modules\express\lib\application.js:618:24)
    at file:///C:/Users/Philip/source/repos/LotusNodeBackend/index.js:79:5
    at ModuleJob.run (internal/modules/esm/module_job.js:170:25)
    at async Loader.import (internal/modules/esm/loader.js:178:24)
    at async Object.loadESM (internal/process/esm_loader.js:68:5)
Emitted 'error' event on Server instance at:
    at emitErrorNT (net.js:1347:8)
    at processTicksAndRejections (internal/process/task_queues.js:82:21) {
  code: 'EADDRINUSE',
  errno: -4091,
  syscall: 'listen',
  address: '::',
  port: 9000
}
